  editor.cpp
D:\devel\src\c\cedit\cedit\cedit\editor.cpp(149,29): warning C4838: conversion from 'unsigned int' to 'SHORT' requires a narrowing conversion
D:\devel\src\c\cedit\cedit\cedit\editor.cpp(149,32): warning C4838: conversion from 'unsigned int' to 'SHORT' requires a narrowing conversion
D:\devel\src\c\cedit\cedit\cedit\editor.cpp(164,26): warning C4018: '<': signed/unsigned mismatch
D:\devel\src\c\cedit\cedit\cedit\editor.cpp(168,25): warning C4838: conversion from 'unsigned int' to 'SHORT' requires a narrowing conversion
D:\devel\src\c\cedit\cedit\cedit\editor.cpp(179,37): warning C4838: conversion from 'unsigned int' to 'SHORT' requires a narrowing conversion
D:\devel\src\c\cedit\cedit\cedit\editor.cpp(179,50): warning C4267: 'initializing': conversion from 'size_t' to 'SHORT', possible loss of data
D:\devel\src\c\cedit\cedit\cedit\editor.cpp(179,42): warning C4838: conversion from 'unsigned int' to 'SHORT' requires a narrowing conversion
D:\devel\src\c\cedit\cedit\cedit\editor.cpp(192,38): warning C4838: conversion from 'unsigned int' to 'SHORT' requires a narrowing conversion
D:\devel\src\c\cedit\cedit\cedit\editor.cpp(204,30): warning C4838: conversion from 'unsigned int' to 'SHORT' requires a narrowing conversion
D:\devel\src\c\cedit\cedit\cedit\editor.cpp(222,21): warning C4018: '<=': signed/unsigned mismatch
D:\devel\src\c\cedit\cedit\cedit\editor.cpp(233,13): warning C4018: '<': signed/unsigned mismatch
D:\devel\src\c\cedit\cedit\cedit\editor.cpp(235,22): warning C4018: '<': signed/unsigned mismatch
D:\devel\src\c\cedit\cedit\cedit\editor.cpp(243,31): warning C4838: conversion from 'unsigned int' to 'SHORT' requires a narrowing conversion
D:\devel\src\c\cedit\cedit\cedit\editor.cpp(243,41): warning C4838: conversion from 'unsigned int' to 'SHORT' requires a narrowing conversion
D:\devel\src\c\cedit\cedit\cedit\editor.cpp(281,10): warning C4018: '>': signed/unsigned mismatch
D:\devel\src\c\cedit\cedit\cedit\editor.cpp(290,37): warning C4018: '>': signed/unsigned mismatch
D:\devel\src\c\cedit\cedit\cedit\editor.cpp(319,8): warning C4018: '>': signed/unsigned mismatch
D:\devel\src\c\cedit\cedit\cedit\editor.cpp(330,10): warning C4018: '<': signed/unsigned mismatch
D:\devel\src\c\cedit\cedit\cedit\editor.cpp(336,22): warning C4018: '<': signed/unsigned mismatch
D:\devel\src\c\cedit\cedit\cedit\editor.cpp(476,33): warning C4018: '<': signed/unsigned mismatch
D:\devel\src\c\cedit\cedit\cedit\editor.cpp(533,8): warning C4018: '>': signed/unsigned mismatch
D:\devel\src\c\cedit\cedit\cedit\editor.cpp(546,27): warning C4018: '>': signed/unsigned mismatch
D:\devel\src\c\cedit\cedit\cedit\editor.cpp(552,18): warning C4018: '>': signed/unsigned mismatch
D:\devel\src\c\cedit\cedit\cedit\editor.cpp(554,23): warning C4018: '<': signed/unsigned mismatch
D:\devel\src\c\cedit\cedit\cedit\editor.cpp(560,16): warning C4838: conversion from 'unsigned int' to 'SHORT' requires a narrowing conversion
D:\devel\src\c\cedit\cedit\cedit\editor.cpp(560,19): warning C4838: conversion from 'unsigned int' to 'SHORT' requires a narrowing conversion
D:\devel\src\c\cedit\cedit\cedit\editor.cpp(577,18): warning C4018: '>': signed/unsigned mismatch
D:\devel\src\c\cedit\cedit\cedit\editor.cpp(579,23): warning C4018: '<': signed/unsigned mismatch
D:\devel\src\c\cedit\cedit\cedit\editor.cpp(584,16): warning C4838: conversion from 'unsigned int' to 'SHORT' requires a narrowing conversion
D:\devel\src\c\cedit\cedit\cedit\editor.cpp(584,19): warning C4838: conversion from 'unsigned int' to 'SHORT' requires a narrowing conversion
D:\devel\src\c\cedit\cedit\cedit\editor.cpp(606,16): warning C4838: conversion from 'unsigned int' to 'SHORT' requires a narrowing conversion
D:\devel\src\c\cedit\cedit\cedit\editor.cpp(606,18): warning C4838: conversion from 'unsigned int' to 'SHORT' requires a narrowing conversion
D:\devel\src\c\cedit\cedit\cedit\editor.cpp(642,22): warning C4018: '<': signed/unsigned mismatch
  cedit.vcxproj -> D:\devel\src\c\cedit\cedit\Debug\cedit.exe
